{"/Users/Miranda/rithm/Exercises/express-jobly/app.js": {"path":"/Users/Miranda/rithm/Exercises/express-jobly/app.js","statementMap":{"0":{"start":{"line":5,"column":16},"end":{"line":5,"column":34}},"1":{"start":{"line":6,"column":13},"end":{"line":6,"column":28}},"2":{"start":{"line":8,"column":26},"end":{"line":8,"column":51}},"3":{"start":{"line":10,"column":28},"end":{"line":10,"column":56}},"4":{"start":{"line":11,"column":19},"end":{"line":11,"column":43}},"5":{"start":{"line":12,"column":24},"end":{"line":12,"column":53}},"6":{"start":{"line":13,"column":20},"end":{"line":13,"column":45}},"7":{"start":{"line":15,"column":15},"end":{"line":15,"column":32}},"8":{"start":{"line":17,"column":12},"end":{"line":17,"column":21}},"9":{"start":{"line":19,"column":0},"end":{"line":19,"column":16}},"10":{"start":{"line":20,"column":0},"end":{"line":20,"column":24}},"11":{"start":{"line":21,"column":0},"end":{"line":21,"column":24}},"12":{"start":{"line":22,"column":0},"end":{"line":22,"column":25}},"13":{"start":{"line":24,"column":0},"end":{"line":24,"column":29}},"14":{"start":{"line":25,"column":0},"end":{"line":25,"column":39}},"15":{"start":{"line":26,"column":0},"end":{"line":26,"column":31}},"16":{"start":{"line":30,"column":0},"end":{"line":32,"column":3}},"17":{"start":{"line":31,"column":2},"end":{"line":31,"column":28}},"18":{"start":{"line":35,"column":0},"end":{"line":43,"column":3}},"19":{"start":{"line":36,"column":2},"end":{"line":36,"column":64}},"20":{"start":{"line":36,"column":39},"end":{"line":36,"column":64}},"21":{"start":{"line":37,"column":17},"end":{"line":37,"column":34}},"22":{"start":{"line":38,"column":18},"end":{"line":38,"column":29}},"23":{"start":{"line":40,"column":2},"end":{"line":42,"column":5}},"24":{"start":{"line":45,"column":0},"end":{"line":45,"column":21}}},"fnMap":{"0":{"name":"(anonymous_0)","decl":{"start":{"line":30,"column":8},"end":{"line":30,"column":9}},"loc":{"start":{"line":30,"column":34},"end":{"line":32,"column":1}},"line":30},"1":{"name":"(anonymous_1)","decl":{"start":{"line":35,"column":8},"end":{"line":35,"column":9}},"loc":{"start":{"line":35,"column":39},"end":{"line":43,"column":1}},"line":35}},"branchMap":{"0":{"loc":{"start":{"line":36,"column":2},"end":{"line":36,"column":64}},"type":"if","locations":[{"start":{"line":36,"column":2},"end":{"line":36,"column":64}},{"start":{},"end":{}}],"line":36},"1":{"loc":{"start":{"line":37,"column":17},"end":{"line":37,"column":34}},"type":"binary-expr","locations":[{"start":{"line":37,"column":17},"end":{"line":37,"column":27}},{"start":{"line":37,"column":31},"end":{"line":37,"column":34}}],"line":37}},"s":{"0":4,"1":4,"2":4,"3":4,"4":4,"5":4,"6":4,"7":4,"8":4,"9":4,"10":4,"11":4,"12":4,"13":4,"14":4,"15":4,"16":4,"17":2,"18":4,"19":19,"20":1,"21":19,"22":19,"23":19,"24":4},"f":{"0":2,"1":19},"b":{"0":[1,18],"1":[19,0]},"_coverageSchema":"1a1c01bbd47fc00a2c39e90264f33305004495a9","hash":"1709badce0e564fd34b6e895fa9e8e9c6b6d49d5"}
,"/Users/Miranda/rithm/Exercises/express-jobly/config.js": {"path":"/Users/Miranda/rithm/Exercises/express-jobly/config.js","statementMap":{"0":{"start":{"line":5,"column":0},"end":{"line":5,"column":27}},"1":{"start":{"line":6,"column":0},"end":{"line":6,"column":18}},"2":{"start":{"line":8,"column":19},"end":{"line":8,"column":57}},"3":{"start":{"line":10,"column":13},"end":{"line":10,"column":38}},"4":{"start":{"line":14,"column":2},"end":{"line":16,"column":44}},"5":{"start":{"line":22,"column":27},"end":{"line":22,"column":67}},"6":{"start":{"line":24,"column":0},"end":{"line":24,"column":35}},"7":{"start":{"line":25,"column":0},"end":{"line":25,"column":46}},"8":{"start":{"line":26,"column":0},"end":{"line":26,"column":45}},"9":{"start":{"line":27,"column":0},"end":{"line":27,"column":61}},"10":{"start":{"line":28,"column":0},"end":{"line":28,"column":50}},"11":{"start":{"line":29,"column":0},"end":{"line":29,"column":19}},"12":{"start":{"line":31,"column":0},"end":{"line":36,"column":2}}},"fnMap":{"0":{"name":"getDatabaseUri","decl":{"start":{"line":13,"column":9},"end":{"line":13,"column":23}},"loc":{"start":{"line":13,"column":26},"end":{"line":17,"column":1}},"line":13}},"branchMap":{"0":{"loc":{"start":{"line":8,"column":19},"end":{"line":8,"column":57}},"type":"binary-expr","locations":[{"start":{"line":8,"column":19},"end":{"line":8,"column":41}},{"start":{"line":8,"column":45},"end":{"line":8,"column":57}}],"line":8},"1":{"loc":{"start":{"line":10,"column":13},"end":{"line":10,"column":38}},"type":"binary-expr","locations":[{"start":{"line":10,"column":13},"end":{"line":10,"column":30}},{"start":{"line":10,"column":34},"end":{"line":10,"column":38}}],"line":10},"2":{"loc":{"start":{"line":14,"column":9},"end":{"line":16,"column":43}},"type":"cond-expr","locations":[{"start":{"line":15,"column":8},"end":{"line":15,"column":53}},{"start":{"line":16,"column":8},"end":{"line":16,"column":43}}],"line":14},"3":{"loc":{"start":{"line":15,"column":8},"end":{"line":15,"column":53}},"type":"binary-expr","locations":[{"start":{"line":15,"column":8},"end":{"line":15,"column":37}},{"start":{"line":15,"column":41},"end":{"line":15,"column":53}}],"line":15},"4":{"loc":{"start":{"line":16,"column":8},"end":{"line":16,"column":43}},"type":"binary-expr","locations":[{"start":{"line":16,"column":8},"end":{"line":16,"column":32}},{"start":{"line":16,"column":36},"end":{"line":16,"column":43}}],"line":16},"5":{"loc":{"start":{"line":22,"column":27},"end":{"line":22,"column":67}},"type":"cond-expr","locations":[{"start":{"line":22,"column":61},"end":{"line":22,"column":62}},{"start":{"line":22,"column":65},"end":{"line":22,"column":67}}],"line":22}},"s":{"0":9,"1":9,"2":9,"3":9,"4":18,"5":9,"6":9,"7":9,"8":9,"9":9,"10":9,"11":9,"12":9},"f":{"0":18},"b":{"0":[9,0],"1":[9,0],"2":[15,3],"3":[15,0],"4":[3,1],"5":[8,1]},"_coverageSchema":"1a1c01bbd47fc00a2c39e90264f33305004495a9","hash":"ebadc48559b33510232eae353c1c46465036131f"}
,"/Users/Miranda/rithm/Exercises/express-jobly/db.js": {"path":"/Users/Miranda/rithm/Exercises/express-jobly/db.js","statementMap":{"0":{"start":{"line":5,"column":19},"end":{"line":5,"column":32}},"1":{"start":{"line":6,"column":27},"end":{"line":6,"column":46}},"2":{"start":{"line":8,"column":11},"end":{"line":10,"column":2}},"3":{"start":{"line":12,"column":0},"end":{"line":12,"column":13}},"4":{"start":{"line":14,"column":0},"end":{"line":14,"column":20}}},"fnMap":{},"branchMap":{},"s":{"0":6,"1":6,"2":6,"3":6,"4":6},"f":{},"b":{},"_coverageSchema":"1a1c01bbd47fc00a2c39e90264f33305004495a9","hash":"4a1e9267bfc0ee5de7232f09603c2397176867c7"}
,"/Users/Miranda/rithm/Exercises/express-jobly/expressError.js": {"path":"/Users/Miranda/rithm/Exercises/express-jobly/expressError.js","statementMap":{"0":{"start":{"line":11,"column":4},"end":{"line":11,"column":12}},"1":{"start":{"line":12,"column":4},"end":{"line":12,"column":27}},"2":{"start":{"line":13,"column":4},"end":{"line":13,"column":25}},"3":{"start":{"line":21,"column":4},"end":{"line":21,"column":24}},"4":{"start":{"line":29,"column":4},"end":{"line":29,"column":24}},"5":{"start":{"line":37,"column":4},"end":{"line":37,"column":24}},"6":{"start":{"line":45,"column":4},"end":{"line":45,"column":24}},"7":{"start":{"line":49,"column":0},"end":{"line":55,"column":2}}},"fnMap":{"0":{"name":"(anonymous_0)","decl":{"start":{"line":10,"column":2},"end":{"line":10,"column":3}},"loc":{"start":{"line":10,"column":31},"end":{"line":14,"column":3}},"line":10},"1":{"name":"(anonymous_1)","decl":{"start":{"line":20,"column":2},"end":{"line":20,"column":3}},"loc":{"start":{"line":20,"column":37},"end":{"line":22,"column":3}},"line":20},"2":{"name":"(anonymous_2)","decl":{"start":{"line":28,"column":2},"end":{"line":28,"column":3}},"loc":{"start":{"line":28,"column":40},"end":{"line":30,"column":3}},"line":28},"3":{"name":"(anonymous_3)","decl":{"start":{"line":36,"column":2},"end":{"line":36,"column":3}},"loc":{"start":{"line":36,"column":39},"end":{"line":38,"column":3}},"line":36},"4":{"name":"(anonymous_4)","decl":{"start":{"line":44,"column":2},"end":{"line":44,"column":3}},"loc":{"start":{"line":44,"column":39},"end":{"line":46,"column":3}},"line":44}},"branchMap":{"0":{"loc":{"start":{"line":20,"column":14},"end":{"line":20,"column":35}},"type":"default-arg","locations":[{"start":{"line":20,"column":24},"end":{"line":20,"column":35}}],"line":20},"1":{"loc":{"start":{"line":28,"column":14},"end":{"line":28,"column":38}},"type":"default-arg","locations":[{"start":{"line":28,"column":24},"end":{"line":28,"column":38}}],"line":28},"2":{"loc":{"start":{"line":36,"column":14},"end":{"line":36,"column":37}},"type":"default-arg","locations":[{"start":{"line":36,"column":24},"end":{"line":36,"column":37}}],"line":36},"3":{"loc":{"start":{"line":44,"column":14},"end":{"line":44,"column":37}},"type":"default-arg","locations":[{"start":{"line":44,"column":24},"end":{"line":44,"column":37}}],"line":44}},"s":{"0":37,"1":37,"2":37,"3":11,"4":9,"5":17,"6":0,"7":9},"f":{"0":37,"1":11,"2":9,"3":17,"4":0},"b":{"0":[2],"1":[4],"2":[0],"3":[0]},"_coverageSchema":"1a1c01bbd47fc00a2c39e90264f33305004495a9","hash":"66e02fbe4692ac72010b72c3ba3698799ce1d5e0"}
,"/Users/Miranda/rithm/Exercises/express-jobly/helpers/sql.js": {"path":"/Users/Miranda/rithm/Exercises/express-jobly/helpers/sql.js","statementMap":{"0":{"start":{"line":3,"column":28},"end":{"line":3,"column":54}},"1":{"start":{"line":22,"column":15},"end":{"line":22,"column":40}},"2":{"start":{"line":23,"column":2},"end":{"line":23,"column":62}},"3":{"start":{"line":23,"column":25},"end":{"line":23,"column":62}},"4":{"start":{"line":26,"column":15},"end":{"line":28,"column":3}},"5":{"start":{"line":27,"column":22},"end":{"line":27,"column":68}},"6":{"start":{"line":31,"column":2},"end":{"line":34,"column":4}},"7":{"start":{"line":60,"column":15},"end":{"line":60,"column":40}},"8":{"start":{"line":61,"column":2},"end":{"line":61,"column":62}},"9":{"start":{"line":61,"column":25},"end":{"line":61,"column":62}},"10":{"start":{"line":63,"column":15},"end":{"line":65,"column":3}},"11":{"start":{"line":64,"column":22},"end":{"line":64,"column":66}},"12":{"start":{"line":68,"column":2},"end":{"line":70,"column":3}},"13":{"start":{"line":69,"column":4},"end":{"line":69,"column":60}},"14":{"start":{"line":72,"column":2},"end":{"line":75,"column":4}},"15":{"start":{"line":78,"column":0},"end":{"line":78,"column":55}}},"fnMap":{"0":{"name":"sqlForPartialUpdate","decl":{"start":{"line":21,"column":9},"end":{"line":21,"column":28}},"loc":{"start":{"line":21,"column":52},"end":{"line":36,"column":1}},"line":21},"1":{"name":"(anonymous_1)","decl":{"start":{"line":27,"column":4},"end":{"line":27,"column":5}},"loc":{"start":{"line":27,"column":22},"end":{"line":27,"column":68}},"line":27},"2":{"name":"sqlForFilter","decl":{"start":{"line":59,"column":9},"end":{"line":59,"column":21}},"loc":{"start":{"line":59,"column":45},"end":{"line":76,"column":1}},"line":59},"3":{"name":"(anonymous_3)","decl":{"start":{"line":64,"column":4},"end":{"line":64,"column":5}},"loc":{"start":{"line":64,"column":22},"end":{"line":64,"column":66}},"line":64}},"branchMap":{"0":{"loc":{"start":{"line":23,"column":2},"end":{"line":23,"column":62}},"type":"if","locations":[{"start":{"line":23,"column":2},"end":{"line":23,"column":62}},{"start":{},"end":{}}],"line":23},"1":{"loc":{"start":{"line":27,"column":26},"end":{"line":27,"column":53}},"type":"binary-expr","locations":[{"start":{"line":27,"column":26},"end":{"line":27,"column":42}},{"start":{"line":27,"column":46},"end":{"line":27,"column":53}}],"line":27},"2":{"loc":{"start":{"line":61,"column":2},"end":{"line":61,"column":62}},"type":"if","locations":[{"start":{"line":61,"column":2},"end":{"line":61,"column":62}},{"start":{},"end":{}}],"line":61},"3":{"loc":{"start":{"line":64,"column":25},"end":{"line":64,"column":52}},"type":"binary-expr","locations":[{"start":{"line":64,"column":25},"end":{"line":64,"column":41}},{"start":{"line":64,"column":45},"end":{"line":64,"column":52}}],"line":64},"4":{"loc":{"start":{"line":68,"column":2},"end":{"line":70,"column":3}},"type":"if","locations":[{"start":{"line":68,"column":2},"end":{"line":70,"column":3}},{"start":{},"end":{}}],"line":68}},"s":{"0":7,"1":12,"2":12,"3":3,"4":9,"5":22,"6":9,"7":2,"8":2,"9":0,"10":2,"11":3,"12":2,"13":1,"14":2,"15":7},"f":{"0":12,"1":22,"2":2,"3":3},"b":{"0":[3,9],"1":[22,11],"2":[0,2],"3":[3,0],"4":[1,1]},"_coverageSchema":"1a1c01bbd47fc00a2c39e90264f33305004495a9","hash":"2340e29da06689999bdb65592d0d67f429d75174"}
,"/Users/Miranda/rithm/Exercises/express-jobly/helpers/tokens.js": {"path":"/Users/Miranda/rithm/Exercises/express-jobly/helpers/tokens.js","statementMap":{"0":{"start":{"line":3,"column":12},"end":{"line":3,"column":35}},"1":{"start":{"line":4,"column":23},"end":{"line":4,"column":43}},"2":{"start":{"line":9,"column":2},"end":{"line":10,"column":58}},"3":{"start":{"line":12,"column":16},"end":{"line":15,"column":3}},"4":{"start":{"line":17,"column":2},"end":{"line":17,"column":39}},"5":{"start":{"line":20,"column":0},"end":{"line":20,"column":33}}},"fnMap":{"0":{"name":"createToken","decl":{"start":{"line":8,"column":9},"end":{"line":8,"column":20}},"loc":{"start":{"line":8,"column":27},"end":{"line":18,"column":1}},"line":8}},"branchMap":{"0":{"loc":{"start":{"line":14,"column":13},"end":{"line":14,"column":34}},"type":"binary-expr","locations":[{"start":{"line":14,"column":13},"end":{"line":14,"column":25}},{"start":{"line":14,"column":29},"end":{"line":14,"column":34}}],"line":14}},"s":{"0":5,"1":5,"2":7,"3":7,"4":7,"5":5},"f":{"0":7},"b":{"0":[7,6]},"_coverageSchema":"1a1c01bbd47fc00a2c39e90264f33305004495a9","hash":"dac40181248005c2c2db97950c3a5ed13e86f943"}
,"/Users/Miranda/rithm/Exercises/express-jobly/middleware/auth.js": {"path":"/Users/Miranda/rithm/Exercises/express-jobly/middleware/auth.js","statementMap":{"0":{"start":{"line":5,"column":12},"end":{"line":5,"column":35}},"1":{"start":{"line":6,"column":23},"end":{"line":6,"column":43}},"2":{"start":{"line":7,"column":30},"end":{"line":7,"column":56}},"3":{"start":{"line":19,"column":21},"end":{"line":19,"column":47}},"4":{"start":{"line":20,"column":2},"end":{"line":28,"column":3}},"5":{"start":{"line":21,"column":18},"end":{"line":21,"column":62}},"6":{"start":{"line":23,"column":4},"end":{"line":27,"column":5}},"7":{"start":{"line":24,"column":6},"end":{"line":24,"column":54}},"8":{"start":{"line":29,"column":2},"end":{"line":29,"column":16}},"9":{"start":{"line":39,"column":2},"end":{"line":39,"column":47}},"10":{"start":{"line":39,"column":33},"end":{"line":39,"column":47}},"11":{"start":{"line":40,"column":2},"end":{"line":40,"column":32}},"12":{"start":{"line":44,"column":0},"end":{"line":47,"column":2}}},"fnMap":{"0":{"name":"authenticateJWT","decl":{"start":{"line":18,"column":9},"end":{"line":18,"column":24}},"loc":{"start":{"line":18,"column":41},"end":{"line":31,"column":1}},"line":18},"1":{"name":"ensureLoggedIn","decl":{"start":{"line":38,"column":9},"end":{"line":38,"column":23}},"loc":{"start":{"line":38,"column":40},"end":{"line":41,"column":1}},"line":38}},"branchMap":{"0":{"loc":{"start":{"line":20,"column":2},"end":{"line":28,"column":3}},"type":"if","locations":[{"start":{"line":20,"column":2},"end":{"line":28,"column":3}},{"start":{},"end":{}}],"line":20},"1":{"loc":{"start":{"line":39,"column":2},"end":{"line":39,"column":47}},"type":"if","locations":[{"start":{"line":39,"column":2},"end":{"line":39,"column":47}},{"start":{},"end":{}}],"line":39}},"s":{"0":5,"1":5,"2":5,"3":31,"4":31,"5":11,"6":11,"7":11,"8":31,"9":14,"10":10,"11":4,"12":5},"f":{"0":31,"1":14},"b":{"0":[11,20],"1":[10,4]},"_coverageSchema":"1a1c01bbd47fc00a2c39e90264f33305004495a9","hash":"c186696e88727103855e2777d7478a7fc2947954"}
,"/Users/Miranda/rithm/Exercises/express-jobly/middleware/query.js": {"path":"/Users/Miranda/rithm/Exercises/express-jobly/middleware/query.js","statementMap":{"0":{"start":{"line":5,"column":28},"end":{"line":5,"column":54}},"1":{"start":{"line":10,"column":2},"end":{"line":35,"column":3}},"2":{"start":{"line":11,"column":25},"end":{"line":11,"column":55}},"3":{"start":{"line":12,"column":25},"end":{"line":12,"column":55}},"4":{"start":{"line":13,"column":23},"end":{"line":13,"column":67}},"5":{"start":{"line":15,"column":4},"end":{"line":19,"column":5}},"6":{"start":{"line":16,"column":6},"end":{"line":18,"column":7}},"7":{"start":{"line":17,"column":8},"end":{"line":17,"column":79}},"8":{"start":{"line":21,"column":4},"end":{"line":28,"column":5}},"9":{"start":{"line":25,"column":6},"end":{"line":27,"column":8}},"10":{"start":{"line":30,"column":4},"end":{"line":34,"column":5}},"11":{"start":{"line":31,"column":6},"end":{"line":33,"column":8}},"12":{"start":{"line":37,"column":2},"end":{"line":37,"column":16}},"13":{"start":{"line":40,"column":0},"end":{"line":40,"column":39}}},"fnMap":{"0":{"name":"authenticateQuery","decl":{"start":{"line":9,"column":9},"end":{"line":9,"column":26}},"loc":{"start":{"line":9,"column":43},"end":{"line":38,"column":1}},"line":9}},"branchMap":{"0":{"loc":{"start":{"line":10,"column":2},"end":{"line":35,"column":3}},"type":"if","locations":[{"start":{"line":10,"column":2},"end":{"line":35,"column":3}},{"start":{},"end":{}}],"line":10},"1":{"loc":{"start":{"line":16,"column":6},"end":{"line":18,"column":7}},"type":"if","locations":[{"start":{"line":16,"column":6},"end":{"line":18,"column":7}},{"start":{},"end":{}}],"line":16},"2":{"loc":{"start":{"line":21,"column":4},"end":{"line":28,"column":5}},"type":"if","locations":[{"start":{"line":21,"column":4},"end":{"line":28,"column":5}},{"start":{},"end":{}}],"line":21},"3":{"loc":{"start":{"line":22,"column":6},"end":{"line":23,"column":53}},"type":"binary-expr","locations":[{"start":{"line":22,"column":7},"end":{"line":22,"column":26}},{"start":{"line":22,"column":30},"end":{"line":22,"column":52}},{"start":{"line":23,"column":7},"end":{"line":23,"column":26}},{"start":{"line":23,"column":30},"end":{"line":23,"column":52}}],"line":22},"4":{"loc":{"start":{"line":30,"column":4},"end":{"line":34,"column":5}},"type":"if","locations":[{"start":{"line":30,"column":4},"end":{"line":34,"column":5}},{"start":{},"end":{}}],"line":30},"5":{"loc":{"start":{"line":30,"column":8},"end":{"line":30,"column":67}},"type":"binary-expr","locations":[{"start":{"line":30,"column":8},"end":{"line":30,"column":20}},{"start":{"line":30,"column":24},"end":{"line":30,"column":36}},{"start":{"line":30,"column":40},"end":{"line":30,"column":67}}],"line":30}},"s":{"0":5,"1":7,"2":7,"3":7,"4":7,"5":7,"6":10,"7":1,"8":6,"9":1,"10":5,"11":2,"12":3,"13":5},"f":{"0":7},"b":{"0":[7,0],"1":[1,9],"2":[1,5],"3":[6,3,5,2],"4":[2,3],"5":[5,3,3]},"_coverageSchema":"1a1c01bbd47fc00a2c39e90264f33305004495a9","hash":"9f9bc64abc8177f9124f31d9d22778b7c1a85d7f"}
,"/Users/Miranda/rithm/Exercises/express-jobly/models/_testCommon.js": {"path":"/Users/Miranda/rithm/Exercises/express-jobly/models/_testCommon.js","statementMap":{"0":{"start":{"line":3,"column":15},"end":{"line":3,"column":32}},"1":{"start":{"line":5,"column":11},"end":{"line":5,"column":30}},"2":{"start":{"line":6,"column":31},"end":{"line":6,"column":51}},"3":{"start":{"line":10,"column":2},"end":{"line":10,"column":42}},"4":{"start":{"line":12,"column":2},"end":{"line":12,"column":38}},"5":{"start":{"line":14,"column":2},"end":{"line":18,"column":57}},"6":{"start":{"line":20,"column":2},"end":{"line":31,"column":5}},"7":{"start":{"line":35,"column":2},"end":{"line":35,"column":26}},"8":{"start":{"line":39,"column":2},"end":{"line":39,"column":29}},"9":{"start":{"line":43,"column":2},"end":{"line":43,"column":17}},"10":{"start":{"line":47,"column":0},"end":{"line":52,"column":2}}},"fnMap":{"0":{"name":"commonBeforeAll","decl":{"start":{"line":8,"column":15},"end":{"line":8,"column":30}},"loc":{"start":{"line":8,"column":33},"end":{"line":32,"column":1}},"line":8},"1":{"name":"commonBeforeEach","decl":{"start":{"line":34,"column":15},"end":{"line":34,"column":31}},"loc":{"start":{"line":34,"column":34},"end":{"line":36,"column":1}},"line":34},"2":{"name":"commonAfterEach","decl":{"start":{"line":38,"column":15},"end":{"line":38,"column":30}},"loc":{"start":{"line":38,"column":33},"end":{"line":40,"column":1}},"line":38},"3":{"name":"commonAfterAll","decl":{"start":{"line":42,"column":15},"end":{"line":42,"column":29}},"loc":{"start":{"line":42,"column":32},"end":{"line":44,"column":1}},"line":42}},"branchMap":{},"s":{"0":2,"1":2,"2":2,"3":2,"4":2,"5":2,"6":2,"7":26,"8":26,"9":2,"10":2},"f":{"0":2,"1":26,"2":26,"3":2},"b":{},"_coverageSchema":"1a1c01bbd47fc00a2c39e90264f33305004495a9","hash":"dd56db6d306a58238c31261624e92fc425597904"}
,"/Users/Miranda/rithm/Exercises/express-jobly/models/company.js": {"path":"/Users/Miranda/rithm/Exercises/express-jobly/models/company.js","statementMap":{"0":{"start":{"line":3,"column":11},"end":{"line":3,"column":27}},"1":{"start":{"line":4,"column":43},"end":{"line":4,"column":69}},"2":{"start":{"line":5,"column":46},"end":{"line":5,"column":71}},"3":{"start":{"line":20,"column":27},"end":{"line":26,"column":5}},"4":{"start":{"line":28,"column":4},"end":{"line":29,"column":64}},"5":{"start":{"line":29,"column":6},"end":{"line":29,"column":64}},"6":{"start":{"line":31,"column":19},"end":{"line":46,"column":5}},"7":{"start":{"line":47,"column":20},"end":{"line":47,"column":34}},"8":{"start":{"line":49,"column":4},"end":{"line":49,"column":19}},"9":{"start":{"line":58,"column":25},"end":{"line":65,"column":23}},"10":{"start":{"line":66,"column":4},"end":{"line":66,"column":29}},"11":{"start":{"line":76,"column":16},"end":{"line":76,"column":56}},"12":{"start":{"line":77,"column":18},"end":{"line":81,"column":5}},"13":{"start":{"line":83,"column":4},"end":{"line":88,"column":5}},"14":{"start":{"line":84,"column":6},"end":{"line":87,"column":7}},"15":{"start":{"line":85,"column":8},"end":{"line":85,"column":28}},"16":{"start":{"line":86,"column":8},"end":{"line":86,"column":26}},"17":{"start":{"line":89,"column":4},"end":{"line":89,"column":32}},"18":{"start":{"line":90,"column":32},"end":{"line":90,"column":60}},"19":{"start":{"line":91,"column":22},"end":{"line":99,"column":43}},"20":{"start":{"line":101,"column":4},"end":{"line":101,"column":26}},"21":{"start":{"line":113,"column":23},"end":{"line":123,"column":5}},"22":{"start":{"line":125,"column":20},"end":{"line":125,"column":38}},"23":{"start":{"line":127,"column":4},"end":{"line":127,"column":67}},"24":{"start":{"line":127,"column":18},"end":{"line":127,"column":67}},"25":{"start":{"line":129,"column":4},"end":{"line":129,"column":19}},"26":{"start":{"line":145,"column":32},"end":{"line":148,"column":6}},"27":{"start":{"line":149,"column":25},"end":{"line":149,"column":50}},"28":{"start":{"line":151,"column":21},"end":{"line":160,"column":34}},"29":{"start":{"line":161,"column":19},"end":{"line":161,"column":64}},"30":{"start":{"line":162,"column":20},"end":{"line":162,"column":34}},"31":{"start":{"line":164,"column":4},"end":{"line":164,"column":67}},"32":{"start":{"line":164,"column":18},"end":{"line":164,"column":67}},"33":{"start":{"line":166,"column":4},"end":{"line":166,"column":19}},"34":{"start":{"line":175,"column":19},"end":{"line":182,"column":5}},"35":{"start":{"line":183,"column":20},"end":{"line":183,"column":34}},"36":{"start":{"line":185,"column":4},"end":{"line":185,"column":67}},"37":{"start":{"line":185,"column":18},"end":{"line":185,"column":67}},"38":{"start":{"line":189,"column":0},"end":{"line":189,"column":25}}},"fnMap":{"0":{"name":"(anonymous_0)","decl":{"start":{"line":19,"column":2},"end":{"line":19,"column":3}},"loc":{"start":{"line":19,"column":76},"end":{"line":50,"column":3}},"line":19},"1":{"name":"(anonymous_1)","decl":{"start":{"line":57,"column":2},"end":{"line":57,"column":3}},"loc":{"start":{"line":57,"column":25},"end":{"line":67,"column":3}},"line":57},"2":{"name":"(anonymous_2)","decl":{"start":{"line":75,"column":2},"end":{"line":75,"column":3}},"loc":{"start":{"line":75,"column":64},"end":{"line":102,"column":3}},"line":75},"3":{"name":"(anonymous_3)","decl":{"start":{"line":112,"column":2},"end":{"line":112,"column":3}},"loc":{"start":{"line":112,"column":27},"end":{"line":130,"column":3}},"line":112},"4":{"name":"(anonymous_4)","decl":{"start":{"line":144,"column":2},"end":{"line":144,"column":3}},"loc":{"start":{"line":144,"column":36},"end":{"line":167,"column":3}},"line":144},"5":{"name":"(anonymous_5)","decl":{"start":{"line":174,"column":2},"end":{"line":174,"column":3}},"loc":{"start":{"line":174,"column":30},"end":{"line":186,"column":3}},"line":174}},"branchMap":{"0":{"loc":{"start":{"line":28,"column":4},"end":{"line":29,"column":64}},"type":"if","locations":[{"start":{"line":28,"column":4},"end":{"line":29,"column":64}},{"start":{},"end":{}}],"line":28},"1":{"loc":{"start":{"line":84,"column":6},"end":{"line":87,"column":7}},"type":"if","locations":[{"start":{"line":84,"column":6},"end":{"line":87,"column":7}},{"start":{},"end":{}}],"line":84},"2":{"loc":{"start":{"line":127,"column":4},"end":{"line":127,"column":67}},"type":"if","locations":[{"start":{"line":127,"column":4},"end":{"line":127,"column":67}},{"start":{},"end":{}}],"line":127},"3":{"loc":{"start":{"line":164,"column":4},"end":{"line":164,"column":67}},"type":"if","locations":[{"start":{"line":164,"column":4},"end":{"line":164,"column":67}},{"start":{},"end":{}}],"line":164},"4":{"loc":{"start":{"line":185,"column":4},"end":{"line":185,"column":67}},"type":"if","locations":[{"start":{"line":185,"column":4},"end":{"line":185,"column":67}},{"start":{},"end":{}}],"line":185}},"s":{"0":5,"1":5,"2":5,"3":11,"4":11,"5":1,"6":10,"7":9,"8":9,"9":2,"10":2,"11":2,"12":2,"13":2,"14":6,"15":3,"16":3,"17":2,"18":2,"19":2,"20":2,"21":5,"22":5,"23":5,"24":2,"25":3,"26":6,"27":5,"28":5,"29":5,"30":5,"31":5,"32":2,"33":3,"34":4,"35":4,"36":4,"37":2,"38":5},"f":{"0":11,"1":2,"2":2,"3":5,"4":6,"5":4},"b":{"0":[1,10],"1":[3,3],"2":[2,3],"3":[2,3],"4":[2,2]},"_coverageSchema":"1a1c01bbd47fc00a2c39e90264f33305004495a9","hash":"b07b54626c8d7448d50a4a004fbae4dad9b3bd32"}
,"/Users/Miranda/rithm/Exercises/express-jobly/models/user.js": {"path":"/Users/Miranda/rithm/Exercises/express-jobly/models/user.js","statementMap":{"0":{"start":{"line":3,"column":11},"end":{"line":3,"column":27}},"1":{"start":{"line":4,"column":15},"end":{"line":4,"column":32}},"2":{"start":{"line":5,"column":32},"end":{"line":5,"column":57}},"3":{"start":{"line":10,"column":4},"end":{"line":10,"column":30}},"4":{"start":{"line":12,"column":31},"end":{"line":12,"column":54}},"5":{"start":{"line":26,"column":19},"end":{"line":35,"column":5}},"6":{"start":{"line":37,"column":17},"end":{"line":37,"column":31}},"7":{"start":{"line":39,"column":4},"end":{"line":46,"column":5}},"8":{"start":{"line":41,"column":22},"end":{"line":41,"column":67}},"9":{"start":{"line":42,"column":6},"end":{"line":45,"column":7}},"10":{"start":{"line":43,"column":8},"end":{"line":43,"column":29}},"11":{"start":{"line":44,"column":8},"end":{"line":44,"column":20}},"12":{"start":{"line":48,"column":4},"end":{"line":48,"column":61}},"13":{"start":{"line":60,"column":27},"end":{"line":64,"column":5}},"14":{"start":{"line":66,"column":4},"end":{"line":68,"column":5}},"15":{"start":{"line":67,"column":6},"end":{"line":67,"column":67}},"16":{"start":{"line":70,"column":27},"end":{"line":70,"column":74}},"17":{"start":{"line":72,"column":19},"end":{"line":94,"column":5}},"18":{"start":{"line":96,"column":17},"end":{"line":96,"column":31}},"19":{"start":{"line":98,"column":4},"end":{"line":98,"column":16}},"20":{"start":{"line":107,"column":19},"end":{"line":115,"column":5}},"21":{"start":{"line":117,"column":4},"end":{"line":117,"column":23}},"22":{"start":{"line":129,"column":20},"end":{"line":137,"column":5}},"23":{"start":{"line":139,"column":17},"end":{"line":139,"column":32}},"24":{"start":{"line":141,"column":4},"end":{"line":141,"column":63}},"25":{"start":{"line":141,"column":15},"end":{"line":141,"column":63}},"26":{"start":{"line":143,"column":4},"end":{"line":143,"column":16}},"27":{"start":{"line":164,"column":4},"end":{"line":166,"column":5}},"28":{"start":{"line":165,"column":6},"end":{"line":165,"column":75}},"29":{"start":{"line":168,"column":32},"end":{"line":174,"column":10}},"30":{"start":{"line":175,"column":27},"end":{"line":175,"column":52}},"31":{"start":{"line":177,"column":21},"end":{"line":185,"column":34}},"32":{"start":{"line":186,"column":19},"end":{"line":186,"column":66}},"33":{"start":{"line":187,"column":17},"end":{"line":187,"column":31}},"34":{"start":{"line":189,"column":4},"end":{"line":189,"column":63}},"35":{"start":{"line":189,"column":15},"end":{"line":189,"column":63}},"36":{"start":{"line":191,"column":4},"end":{"line":191,"column":25}},"37":{"start":{"line":192,"column":4},"end":{"line":192,"column":16}},"38":{"start":{"line":198,"column":17},"end":{"line":203,"column":5}},"39":{"start":{"line":204,"column":17},"end":{"line":204,"column":31}},"40":{"start":{"line":206,"column":4},"end":{"line":206,"column":63}},"41":{"start":{"line":206,"column":15},"end":{"line":206,"column":63}},"42":{"start":{"line":211,"column":0},"end":{"line":211,"column":22}}},"fnMap":{"0":{"name":"(anonymous_0)","decl":{"start":{"line":24,"column":2},"end":{"line":24,"column":3}},"loc":{"start":{"line":24,"column":48},"end":{"line":49,"column":3}},"line":24},"1":{"name":"(anonymous_1)","decl":{"start":{"line":58,"column":2},"end":{"line":58,"column":3}},"loc":{"start":{"line":59,"column":67},"end":{"line":99,"column":3}},"line":59},"2":{"name":"(anonymous_2)","decl":{"start":{"line":106,"column":2},"end":{"line":106,"column":3}},"loc":{"start":{"line":106,"column":25},"end":{"line":118,"column":3}},"line":106},"3":{"name":"(anonymous_3)","decl":{"start":{"line":128,"column":2},"end":{"line":128,"column":3}},"loc":{"start":{"line":128,"column":29},"end":{"line":144,"column":3}},"line":128},"4":{"name":"(anonymous_4)","decl":{"start":{"line":163,"column":2},"end":{"line":163,"column":3}},"loc":{"start":{"line":163,"column":38},"end":{"line":193,"column":3}},"line":163},"5":{"name":"(anonymous_5)","decl":{"start":{"line":197,"column":2},"end":{"line":197,"column":3}},"loc":{"start":{"line":197,"column":32},"end":{"line":207,"column":3}},"line":197}},"branchMap":{"0":{"loc":{"start":{"line":39,"column":4},"end":{"line":46,"column":5}},"type":"if","locations":[{"start":{"line":39,"column":4},"end":{"line":46,"column":5}},{"start":{},"end":{}}],"line":39},"1":{"loc":{"start":{"line":42,"column":6},"end":{"line":45,"column":7}},"type":"if","locations":[{"start":{"line":42,"column":6},"end":{"line":45,"column":7}},{"start":{},"end":{}}],"line":42},"2":{"loc":{"start":{"line":66,"column":4},"end":{"line":68,"column":5}},"type":"if","locations":[{"start":{"line":66,"column":4},"end":{"line":68,"column":5}},{"start":{},"end":{}}],"line":66},"3":{"loc":{"start":{"line":141,"column":4},"end":{"line":141,"column":63}},"type":"if","locations":[{"start":{"line":141,"column":4},"end":{"line":141,"column":63}},{"start":{},"end":{}}],"line":141},"4":{"loc":{"start":{"line":164,"column":4},"end":{"line":166,"column":5}},"type":"if","locations":[{"start":{"line":164,"column":4},"end":{"line":166,"column":5}},{"start":{},"end":{}}],"line":164},"5":{"loc":{"start":{"line":189,"column":4},"end":{"line":189,"column":63}},"type":"if","locations":[{"start":{"line":189,"column":4},"end":{"line":189,"column":63}},{"start":{},"end":{}}],"line":189},"6":{"loc":{"start":{"line":206,"column":4},"end":{"line":206,"column":63}},"type":"if","locations":[{"start":{"line":206,"column":4},"end":{"line":206,"column":63}},{"start":{},"end":{}}],"line":206}},"s":{"0":5,"1":5,"2":5,"3":5,"4":5,"5":6,"6":6,"7":6,"8":2,"9":2,"10":1,"11":1,"12":5,"13":11,"14":11,"15":1,"16":10,"17":10,"18":10,"19":10,"20":1,"21":1,"22":2,"23":2,"24":2,"25":1,"26":1,"27":4,"28":1,"29":4,"30":3,"31":3,"32":3,"33":3,"34":3,"35":1,"36":2,"37":2,"38":2,"39":2,"40":2,"41":1,"42":5},"f":{"0":6,"1":11,"2":1,"3":2,"4":4,"5":2},"b":{"0":[2,4],"1":[1,1],"2":[1,10],"3":[1,1],"4":[1,3],"5":[1,2],"6":[1,1]},"_coverageSchema":"1a1c01bbd47fc00a2c39e90264f33305004495a9","hash":"cb51990f85c1db5e5e528be3b32575e873455485"}
,"/Users/Miranda/rithm/Exercises/express-jobly/routes/_testCommon.js": {"path":"/Users/Miranda/rithm/Exercises/express-jobly/routes/_testCommon.js","statementMap":{"0":{"start":{"line":3,"column":11},"end":{"line":3,"column":30}},"1":{"start":{"line":4,"column":13},"end":{"line":4,"column":38}},"2":{"start":{"line":5,"column":16},"end":{"line":5,"column":44}},"3":{"start":{"line":6,"column":24},"end":{"line":6,"column":52}},"4":{"start":{"line":10,"column":2},"end":{"line":10,"column":38}},"5":{"start":{"line":12,"column":2},"end":{"line":12,"column":42}},"6":{"start":{"line":14,"column":2},"end":{"line":21,"column":9}},"7":{"start":{"line":22,"column":2},"end":{"line":29,"column":9}},"8":{"start":{"line":30,"column":2},"end":{"line":37,"column":9}},"9":{"start":{"line":39,"column":2},"end":{"line":46,"column":5}},"10":{"start":{"line":47,"column":2},"end":{"line":54,"column":5}},"11":{"start":{"line":55,"column":2},"end":{"line":62,"column":5}},"12":{"start":{"line":66,"column":2},"end":{"line":66,"column":26}},"13":{"start":{"line":70,"column":2},"end":{"line":70,"column":29}},"14":{"start":{"line":74,"column":2},"end":{"line":74,"column":17}},"15":{"start":{"line":78,"column":16},"end":{"line":78,"column":63}},"16":{"start":{"line":81,"column":0},"end":{"line":87,"column":2}}},"fnMap":{"0":{"name":"commonBeforeAll","decl":{"start":{"line":8,"column":15},"end":{"line":8,"column":30}},"loc":{"start":{"line":8,"column":33},"end":{"line":63,"column":1}},"line":8},"1":{"name":"commonBeforeEach","decl":{"start":{"line":65,"column":15},"end":{"line":65,"column":31}},"loc":{"start":{"line":65,"column":34},"end":{"line":67,"column":1}},"line":65},"2":{"name":"commonAfterEach","decl":{"start":{"line":69,"column":15},"end":{"line":69,"column":30}},"loc":{"start":{"line":69,"column":33},"end":{"line":71,"column":1}},"line":69},"3":{"name":"commonAfterAll","decl":{"start":{"line":73,"column":15},"end":{"line":73,"column":29}},"loc":{"start":{"line":73,"column":32},"end":{"line":75,"column":1}},"line":73}},"branchMap":{},"s":{"0":3,"1":3,"2":3,"3":3,"4":3,"5":3,"6":3,"7":2,"8":2,"9":2,"10":2,"11":2,"12":26,"13":44,"14":3,"15":3,"16":3},"f":{"0":3,"1":26,"2":44,"3":3},"b":{},"_coverageSchema":"1a1c01bbd47fc00a2c39e90264f33305004495a9","hash":"11a9eb009158fa22c4eeb27248886dcf88848988"}
,"/Users/Miranda/rithm/Exercises/express-jobly/routes/auth.js": {"path":"/Users/Miranda/rithm/Exercises/express-jobly/routes/auth.js","statementMap":{"0":{"start":{"line":5,"column":19},"end":{"line":5,"column":40}},"1":{"start":{"line":7,"column":13},"end":{"line":7,"column":38}},"2":{"start":{"line":8,"column":16},"end":{"line":8,"column":34}},"3":{"start":{"line":9,"column":15},"end":{"line":9,"column":35}},"4":{"start":{"line":10,"column":24},"end":{"line":10,"column":52}},"5":{"start":{"line":11,"column":23},"end":{"line":11,"column":58}},"6":{"start":{"line":12,"column":27},"end":{"line":12,"column":66}},"7":{"start":{"line":13,"column":28},"end":{"line":13,"column":54}},"8":{"start":{"line":21,"column":0},"end":{"line":36,"column":3}},"9":{"start":{"line":22,"column":20},"end":{"line":26,"column":3}},"10":{"start":{"line":27,"column":2},"end":{"line":30,"column":3}},"11":{"start":{"line":28,"column":17},"end":{"line":28,"column":51}},"12":{"start":{"line":28,"column":43},"end":{"line":28,"column":50}},"13":{"start":{"line":29,"column":4},"end":{"line":29,"column":36}},"14":{"start":{"line":32,"column":33},"end":{"line":32,"column":41}},"15":{"start":{"line":33,"column":15},"end":{"line":33,"column":58}},"16":{"start":{"line":34,"column":16},"end":{"line":34,"column":33}},"17":{"start":{"line":35,"column":2},"end":{"line":35,"column":29}},"18":{"start":{"line":47,"column":0},"end":{"line":61,"column":3}},"19":{"start":{"line":48,"column":20},"end":{"line":52,"column":3}},"20":{"start":{"line":53,"column":2},"end":{"line":56,"column":3}},"21":{"start":{"line":54,"column":17},"end":{"line":54,"column":51}},"22":{"start":{"line":54,"column":43},"end":{"line":54,"column":50}},"23":{"start":{"line":55,"column":4},"end":{"line":55,"column":36}},"24":{"start":{"line":58,"column":18},"end":{"line":58,"column":70}},"25":{"start":{"line":59,"column":16},"end":{"line":59,"column":36}},"26":{"start":{"line":60,"column":2},"end":{"line":60,"column":41}},"27":{"start":{"line":64,"column":0},"end":{"line":64,"column":24}}},"fnMap":{"0":{"name":"(anonymous_0)","decl":{"start":{"line":21,"column":22},"end":{"line":21,"column":23}},"loc":{"start":{"line":21,"column":54},"end":{"line":36,"column":1}},"line":21},"1":{"name":"(anonymous_1)","decl":{"start":{"line":28,"column":38},"end":{"line":28,"column":39}},"loc":{"start":{"line":28,"column":43},"end":{"line":28,"column":50}},"line":28},"2":{"name":"(anonymous_2)","decl":{"start":{"line":47,"column":25},"end":{"line":47,"column":26}},"loc":{"start":{"line":47,"column":57},"end":{"line":61,"column":1}},"line":47},"3":{"name":"(anonymous_3)","decl":{"start":{"line":54,"column":38},"end":{"line":54,"column":39}},"loc":{"start":{"line":54,"column":43},"end":{"line":54,"column":50}},"line":54}},"branchMap":{"0":{"loc":{"start":{"line":27,"column":2},"end":{"line":30,"column":3}},"type":"if","locations":[{"start":{"line":27,"column":2},"end":{"line":30,"column":3}},{"start":{},"end":{}}],"line":27},"1":{"loc":{"start":{"line":53,"column":2},"end":{"line":56,"column":3}},"type":"if","locations":[{"start":{"line":53,"column":2},"end":{"line":56,"column":3}},{"start":{},"end":{}}],"line":53}},"s":{"0":4,"1":4,"2":4,"3":4,"4":4,"5":4,"6":4,"7":4,"8":4,"9":5,"10":5,"11":2,"12":2,"13":2,"14":3,"15":3,"16":0,"17":0,"18":4,"19":3,"20":3,"21":2,"22":5,"23":2,"24":1,"25":1,"26":1,"27":4},"f":{"0":5,"1":2,"2":3,"3":5},"b":{"0":[2,3],"1":[2,1]},"_coverageSchema":"1a1c01bbd47fc00a2c39e90264f33305004495a9","hash":"89aafc44e0630ae30a74aba1a3e339c352a0bbfb"}
,"/Users/Miranda/rithm/Exercises/express-jobly/routes/companies.js": {"path":"/Users/Miranda/rithm/Exercises/express-jobly/routes/companies.js","statementMap":{"0":{"start":{"line":5,"column":19},"end":{"line":5,"column":40}},"1":{"start":{"line":6,"column":16},"end":{"line":6,"column":34}},"2":{"start":{"line":8,"column":28},"end":{"line":8,"column":54}},"3":{"start":{"line":9,"column":27},"end":{"line":9,"column":56}},"4":{"start":{"line":10,"column":30},"end":{"line":10,"column":60}},"5":{"start":{"line":11,"column":16},"end":{"line":11,"column":44}},"6":{"start":{"line":13,"column":25},"end":{"line":13,"column":62}},"7":{"start":{"line":14,"column":28},"end":{"line":14,"column":68}},"8":{"start":{"line":17,"column":15},"end":{"line":17,"column":35}},"9":{"start":{"line":28,"column":0},"end":{"line":39,"column":3}},"10":{"start":{"line":29,"column":20},"end":{"line":31,"column":4}},"11":{"start":{"line":32,"column":2},"end":{"line":35,"column":3}},"12":{"start":{"line":33,"column":17},"end":{"line":33,"column":53}},"13":{"start":{"line":33,"column":45},"end":{"line":33,"column":52}},"14":{"start":{"line":34,"column":4},"end":{"line":34,"column":36}},"15":{"start":{"line":37,"column":18},"end":{"line":37,"column":48}},"16":{"start":{"line":38,"column":2},"end":{"line":38,"column":43}},"17":{"start":{"line":52,"column":0},"end":{"line":62,"column":3}},"18":{"start":{"line":54,"column":2},"end":{"line":54,"column":54}},"19":{"start":{"line":55,"column":2},"end":{"line":59,"column":3}},"20":{"start":{"line":56,"column":4},"end":{"line":56,"column":40}},"21":{"start":{"line":58,"column":4},"end":{"line":58,"column":48}},"22":{"start":{"line":61,"column":2},"end":{"line":61,"column":33}},"23":{"start":{"line":72,"column":0},"end":{"line":75,"column":3}},"24":{"start":{"line":73,"column":18},"end":{"line":73,"column":54}},"25":{"start":{"line":74,"column":2},"end":{"line":74,"column":31}},"26":{"start":{"line":88,"column":0},"end":{"line":99,"column":3}},"27":{"start":{"line":89,"column":20},"end":{"line":91,"column":4}},"28":{"start":{"line":92,"column":2},"end":{"line":95,"column":3}},"29":{"start":{"line":93,"column":17},"end":{"line":93,"column":53}},"30":{"start":{"line":93,"column":45},"end":{"line":93,"column":52}},"31":{"start":{"line":94,"column":4},"end":{"line":94,"column":36}},"32":{"start":{"line":97,"column":18},"end":{"line":97,"column":67}},"33":{"start":{"line":98,"column":2},"end":{"line":98,"column":31}},"34":{"start":{"line":106,"column":0},"end":{"line":109,"column":3}},"35":{"start":{"line":107,"column":2},"end":{"line":107,"column":42}},"36":{"start":{"line":108,"column":2},"end":{"line":108,"column":50}},"37":{"start":{"line":111,"column":0},"end":{"line":111,"column":24}}},"fnMap":{"0":{"name":"(anonymous_0)","decl":{"start":{"line":28,"column":33},"end":{"line":28,"column":34}},"loc":{"start":{"line":28,"column":65},"end":{"line":39,"column":1}},"line":28},"1":{"name":"(anonymous_1)","decl":{"start":{"line":33,"column":38},"end":{"line":33,"column":39}},"loc":{"start":{"line":33,"column":45},"end":{"line":33,"column":52}},"line":33},"2":{"name":"(anonymous_2)","decl":{"start":{"line":52,"column":35},"end":{"line":52,"column":36}},"loc":{"start":{"line":52,"column":67},"end":{"line":62,"column":1}},"line":52},"3":{"name":"(anonymous_3)","decl":{"start":{"line":72,"column":23},"end":{"line":72,"column":24}},"loc":{"start":{"line":72,"column":55},"end":{"line":75,"column":1}},"line":72},"4":{"name":"(anonymous_4)","decl":{"start":{"line":88,"column":41},"end":{"line":88,"column":42}},"loc":{"start":{"line":88,"column":73},"end":{"line":99,"column":1}},"line":88},"5":{"name":"(anonymous_5)","decl":{"start":{"line":93,"column":38},"end":{"line":93,"column":39}},"loc":{"start":{"line":93,"column":45},"end":{"line":93,"column":52}},"line":93},"6":{"name":"(anonymous_6)","decl":{"start":{"line":106,"column":42},"end":{"line":106,"column":43}},"loc":{"start":{"line":106,"column":74},"end":{"line":109,"column":1}},"line":106}},"branchMap":{"0":{"loc":{"start":{"line":32,"column":2},"end":{"line":35,"column":3}},"type":"if","locations":[{"start":{"line":32,"column":2},"end":{"line":35,"column":3}},{"start":{},"end":{}}],"line":32},"1":{"loc":{"start":{"line":55,"column":2},"end":{"line":59,"column":3}},"type":"if","locations":[{"start":{"line":55,"column":2},"end":{"line":59,"column":3}},{"start":{"line":57,"column":9},"end":{"line":59,"column":3}}],"line":55},"2":{"loc":{"start":{"line":55,"column":6},"end":{"line":55,"column":55}},"type":"binary-expr","locations":[{"start":{"line":55,"column":6},"end":{"line":55,"column":16}},{"start":{"line":55,"column":20},"end":{"line":55,"column":55}}],"line":55},"3":{"loc":{"start":{"line":92,"column":2},"end":{"line":95,"column":3}},"type":"if","locations":[{"start":{"line":92,"column":2},"end":{"line":95,"column":3}},{"start":{},"end":{}}],"line":92}},"s":{"0":4,"1":4,"2":4,"3":4,"4":4,"5":4,"6":4,"7":4,"8":4,"9":4,"10":3,"11":3,"12":2,"13":3,"14":2,"15":1,"16":1,"17":4,"18":3,"19":3,"20":1,"21":2,"22":3,"23":4,"24":3,"25":2,"26":4,"27":4,"28":4,"29":2,"30":2,"31":2,"32":2,"33":1,"34":4,"35":2,"36":1,"37":4},"f":{"0":3,"1":3,"2":3,"3":3,"4":4,"5":2,"6":2},"b":{"0":[2,1],"1":[1,2],"2":[3,3],"3":[2,2]},"_coverageSchema":"1a1c01bbd47fc00a2c39e90264f33305004495a9","hash":"fa2612e99536a26b528a8f2fc57fe24918f7942b"}
,"/Users/Miranda/rithm/Exercises/express-jobly/routes/users.js": {"path":"/Users/Miranda/rithm/Exercises/express-jobly/routes/users.js","statementMap":{"0":{"start":{"line":5,"column":19},"end":{"line":5,"column":40}},"1":{"start":{"line":7,"column":16},"end":{"line":7,"column":34}},"2":{"start":{"line":8,"column":27},"end":{"line":8,"column":56}},"3":{"start":{"line":9,"column":28},"end":{"line":9,"column":54}},"4":{"start":{"line":10,"column":13},"end":{"line":10,"column":38}},"5":{"start":{"line":11,"column":24},"end":{"line":11,"column":52}},"6":{"start":{"line":12,"column":22},"end":{"line":12,"column":56}},"7":{"start":{"line":13,"column":25},"end":{"line":13,"column":62}},"8":{"start":{"line":15,"column":15},"end":{"line":15,"column":31}},"9":{"start":{"line":30,"column":0},"end":{"line":44,"column":3}},"10":{"start":{"line":31,"column":20},"end":{"line":35,"column":3}},"11":{"start":{"line":36,"column":2},"end":{"line":39,"column":3}},"12":{"start":{"line":37,"column":17},"end":{"line":37,"column":51}},"13":{"start":{"line":37,"column":43},"end":{"line":37,"column":50}},"14":{"start":{"line":38,"column":4},"end":{"line":38,"column":36}},"15":{"start":{"line":41,"column":15},"end":{"line":41,"column":44}},"16":{"start":{"line":42,"column":16},"end":{"line":42,"column":33}},"17":{"start":{"line":43,"column":2},"end":{"line":43,"column":47}},"18":{"start":{"line":54,"column":0},"end":{"line":57,"column":3}},"19":{"start":{"line":55,"column":16},"end":{"line":55,"column":36}},"20":{"start":{"line":56,"column":2},"end":{"line":56,"column":29}},"21":{"start":{"line":67,"column":0},"end":{"line":70,"column":3}},"22":{"start":{"line":68,"column":15},"end":{"line":68,"column":50}},"23":{"start":{"line":69,"column":2},"end":{"line":69,"column":28}},"24":{"start":{"line":83,"column":0},"end":{"line":96,"column":3}},"25":{"start":{"line":84,"column":20},"end":{"line":88,"column":3}},"26":{"start":{"line":89,"column":2},"end":{"line":92,"column":3}},"27":{"start":{"line":90,"column":17},"end":{"line":90,"column":51}},"28":{"start":{"line":90,"column":43},"end":{"line":90,"column":50}},"29":{"start":{"line":91,"column":4},"end":{"line":91,"column":36}},"30":{"start":{"line":94,"column":15},"end":{"line":94,"column":63}},"31":{"start":{"line":95,"column":2},"end":{"line":95,"column":28}},"32":{"start":{"line":104,"column":0},"end":{"line":107,"column":3}},"33":{"start":{"line":105,"column":2},"end":{"line":105,"column":41}},"34":{"start":{"line":106,"column":2},"end":{"line":106,"column":52}},"35":{"start":{"line":110,"column":0},"end":{"line":110,"column":24}}},"fnMap":{"0":{"name":"(anonymous_0)","decl":{"start":{"line":30,"column":33},"end":{"line":30,"column":34}},"loc":{"start":{"line":30,"column":65},"end":{"line":44,"column":1}},"line":30},"1":{"name":"(anonymous_1)","decl":{"start":{"line":37,"column":38},"end":{"line":37,"column":39}},"loc":{"start":{"line":37,"column":43},"end":{"line":37,"column":50}},"line":37},"2":{"name":"(anonymous_2)","decl":{"start":{"line":54,"column":32},"end":{"line":54,"column":33}},"loc":{"start":{"line":54,"column":64},"end":{"line":57,"column":1}},"line":54},"3":{"name":"(anonymous_3)","decl":{"start":{"line":67,"column":41},"end":{"line":67,"column":42}},"loc":{"start":{"line":67,"column":73},"end":{"line":70,"column":1}},"line":67},"4":{"name":"(anonymous_4)","decl":{"start":{"line":83,"column":43},"end":{"line":83,"column":44}},"loc":{"start":{"line":83,"column":75},"end":{"line":96,"column":1}},"line":83},"5":{"name":"(anonymous_5)","decl":{"start":{"line":90,"column":38},"end":{"line":90,"column":39}},"loc":{"start":{"line":90,"column":43},"end":{"line":90,"column":50}},"line":90},"6":{"name":"(anonymous_6)","decl":{"start":{"line":104,"column":44},"end":{"line":104,"column":45}},"loc":{"start":{"line":104,"column":76},"end":{"line":107,"column":1}},"line":104}},"branchMap":{"0":{"loc":{"start":{"line":36,"column":2},"end":{"line":39,"column":3}},"type":"if","locations":[{"start":{"line":36,"column":2},"end":{"line":39,"column":3}},{"start":{},"end":{}}],"line":36},"1":{"loc":{"start":{"line":89,"column":2},"end":{"line":92,"column":3}},"type":"if","locations":[{"start":{"line":89,"column":2},"end":{"line":92,"column":3}},{"start":{},"end":{}}],"line":89}},"s":{"0":4,"1":4,"2":4,"3":4,"4":4,"5":4,"6":4,"7":4,"8":4,"9":4,"10":0,"11":0,"12":0,"13":0,"14":0,"15":0,"16":0,"17":0,"18":4,"19":0,"20":0,"21":4,"22":0,"23":0,"24":4,"25":0,"26":0,"27":0,"28":0,"29":0,"30":0,"31":0,"32":4,"33":0,"34":0,"35":4},"f":{"0":0,"1":0,"2":0,"3":0,"4":0,"5":0,"6":0},"b":{"0":[0,0],"1":[0,0]},"_coverageSchema":"1a1c01bbd47fc00a2c39e90264f33305004495a9","hash":"b37a49fe762a165ae3900d2693f445c8a39e3b53"}
}
