TN:
SF:app.js
FN:30,(anonymous_0)
FN:35,(anonymous_1)
FNF:2
FNH:2
FNDA:2,(anonymous_0)
FNDA:19,(anonymous_1)
DA:5,4
DA:6,4
DA:8,4
DA:10,4
DA:11,4
DA:12,4
DA:13,4
DA:15,4
DA:17,4
DA:19,4
DA:20,4
DA:21,4
DA:22,4
DA:24,4
DA:25,4
DA:26,4
DA:30,4
DA:31,2
DA:35,4
DA:36,19
DA:37,19
DA:38,19
DA:40,19
DA:45,4
LF:24
LH:24
BRDA:36,0,0,1
BRDA:36,0,1,18
BRDA:37,1,0,19
BRDA:37,1,1,0
BRF:4
BRH:3
end_of_record
TN:
SF:config.js
FN:13,getDatabaseUri
FNF:1
FNH:1
FNDA:18,getDatabaseUri
DA:5,9
DA:6,9
DA:8,9
DA:10,9
DA:14,18
DA:22,9
DA:24,9
DA:25,9
DA:26,9
DA:27,9
DA:28,9
DA:29,9
DA:31,9
LF:13
LH:13
BRDA:8,0,0,9
BRDA:8,0,1,0
BRDA:10,1,0,9
BRDA:10,1,1,0
BRDA:14,2,0,15
BRDA:14,2,1,3
BRDA:15,3,0,15
BRDA:15,3,1,0
BRDA:16,4,0,3
BRDA:16,4,1,1
BRDA:22,5,0,8
BRDA:22,5,1,1
BRF:12
BRH:9
end_of_record
TN:
SF:db.js
FNF:0
FNH:0
DA:5,6
DA:6,6
DA:8,6
DA:12,6
DA:14,6
LF:5
LH:5
BRF:0
BRH:0
end_of_record
TN:
SF:expressError.js
FN:10,(anonymous_0)
FN:20,(anonymous_1)
FN:28,(anonymous_2)
FN:36,(anonymous_3)
FN:44,(anonymous_4)
FNF:5
FNH:4
FNDA:37,(anonymous_0)
FNDA:11,(anonymous_1)
FNDA:9,(anonymous_2)
FNDA:17,(anonymous_3)
FNDA:0,(anonymous_4)
DA:11,37
DA:12,37
DA:13,37
DA:21,11
DA:29,9
DA:37,17
DA:45,0
DA:49,9
LF:8
LH:7
BRDA:20,0,0,2
BRDA:28,1,0,4
BRDA:36,2,0,0
BRDA:44,3,0,0
BRF:4
BRH:2
end_of_record
TN:
SF:helpers/sql.js
FN:21,sqlForPartialUpdate
FN:27,(anonymous_1)
FN:59,sqlForFilter
FN:64,(anonymous_3)
FNF:4
FNH:4
FNDA:12,sqlForPartialUpdate
FNDA:22,(anonymous_1)
FNDA:2,sqlForFilter
FNDA:3,(anonymous_3)
DA:3,7
DA:22,12
DA:23,12
DA:26,9
DA:27,22
DA:31,9
DA:60,2
DA:61,2
DA:63,2
DA:64,3
DA:68,2
DA:69,1
DA:72,2
DA:78,7
LF:14
LH:14
BRDA:23,0,0,3
BRDA:23,0,1,9
BRDA:27,1,0,22
BRDA:27,1,1,11
BRDA:61,2,0,0
BRDA:61,2,1,2
BRDA:64,3,0,3
BRDA:64,3,1,0
BRDA:68,4,0,1
BRDA:68,4,1,1
BRF:10
BRH:8
end_of_record
TN:
SF:helpers/tokens.js
FN:8,createToken
FNF:1
FNH:1
FNDA:7,createToken
DA:3,5
DA:4,5
DA:9,7
DA:12,7
DA:17,7
DA:20,5
LF:6
LH:6
BRDA:14,0,0,7
BRDA:14,0,1,6
BRF:2
BRH:2
end_of_record
TN:
SF:middleware/auth.js
FN:18,authenticateJWT
FN:38,ensureLoggedIn
FNF:2
FNH:2
FNDA:31,authenticateJWT
FNDA:14,ensureLoggedIn
DA:5,5
DA:6,5
DA:7,5
DA:19,31
DA:20,31
DA:21,11
DA:23,11
DA:24,11
DA:29,31
DA:39,14
DA:40,4
DA:44,5
LF:12
LH:12
BRDA:20,0,0,11
BRDA:20,0,1,20
BRDA:39,1,0,10
BRDA:39,1,1,4
BRF:4
BRH:4
end_of_record
TN:
SF:middleware/query.js
FN:9,authenticateQuery
FNF:1
FNH:1
FNDA:7,authenticateQuery
DA:5,5
DA:10,7
DA:11,7
DA:12,7
DA:13,7
DA:15,7
DA:16,10
DA:17,1
DA:21,6
DA:25,1
DA:30,5
DA:31,2
DA:37,3
DA:40,5
LF:14
LH:14
BRDA:10,0,0,7
BRDA:10,0,1,0
BRDA:16,1,0,1
BRDA:16,1,1,9
BRDA:21,2,0,1
BRDA:21,2,1,5
BRDA:22,3,0,6
BRDA:22,3,1,3
BRDA:22,3,2,5
BRDA:22,3,3,2
BRDA:30,4,0,2
BRDA:30,4,1,3
BRDA:30,5,0,5
BRDA:30,5,1,3
BRDA:30,5,2,3
BRF:15
BRH:14
end_of_record
TN:
SF:models/_testCommon.js
FN:8,commonBeforeAll
FN:34,commonBeforeEach
FN:38,commonAfterEach
FN:42,commonAfterAll
FNF:4
FNH:4
FNDA:2,commonBeforeAll
FNDA:26,commonBeforeEach
FNDA:26,commonAfterEach
FNDA:2,commonAfterAll
DA:3,2
DA:5,2
DA:6,2
DA:10,2
DA:12,2
DA:14,2
DA:20,2
DA:35,26
DA:39,26
DA:43,2
DA:47,2
LF:11
LH:11
BRF:0
BRH:0
end_of_record
TN:
SF:models/company.js
FN:19,(anonymous_0)
FN:57,(anonymous_1)
FN:75,(anonymous_2)
FN:112,(anonymous_3)
FN:144,(anonymous_4)
FN:174,(anonymous_5)
FNF:6
FNH:6
FNDA:11,(anonymous_0)
FNDA:2,(anonymous_1)
FNDA:2,(anonymous_2)
FNDA:5,(anonymous_3)
FNDA:6,(anonymous_4)
FNDA:4,(anonymous_5)
DA:3,5
DA:4,5
DA:5,5
DA:20,11
DA:28,11
DA:29,1
DA:31,10
DA:47,9
DA:49,9
DA:58,2
DA:66,2
DA:76,2
DA:77,2
DA:83,2
DA:84,6
DA:85,3
DA:86,3
DA:89,2
DA:90,2
DA:91,2
DA:101,2
DA:113,5
DA:125,5
DA:127,5
DA:129,3
DA:145,6
DA:149,5
DA:151,5
DA:161,5
DA:162,5
DA:164,5
DA:166,3
DA:175,4
DA:183,4
DA:185,4
DA:189,5
LF:36
LH:36
BRDA:28,0,0,1
BRDA:28,0,1,10
BRDA:84,1,0,3
BRDA:84,1,1,3
BRDA:127,2,0,2
BRDA:127,2,1,3
BRDA:164,3,0,2
BRDA:164,3,1,3
BRDA:185,4,0,2
BRDA:185,4,1,2
BRF:10
BRH:10
end_of_record
TN:
SF:models/user.js
FN:24,(anonymous_0)
FN:58,(anonymous_1)
FN:106,(anonymous_2)
FN:128,(anonymous_3)
FN:163,(anonymous_4)
FN:197,(anonymous_5)
FNF:6
FNH:6
FNDA:6,(anonymous_0)
FNDA:11,(anonymous_1)
FNDA:1,(anonymous_2)
FNDA:2,(anonymous_3)
FNDA:4,(anonymous_4)
FNDA:2,(anonymous_5)
DA:3,5
DA:4,5
DA:5,5
DA:10,5
DA:12,5
DA:26,6
DA:37,6
DA:39,6
DA:41,2
DA:42,2
DA:43,1
DA:44,1
DA:48,5
DA:60,11
DA:66,11
DA:67,1
DA:70,10
DA:72,10
DA:96,10
DA:98,10
DA:107,1
DA:117,1
DA:129,2
DA:139,2
DA:141,2
DA:143,1
DA:164,4
DA:165,1
DA:168,4
DA:175,3
DA:177,3
DA:186,3
DA:187,3
DA:189,3
DA:191,2
DA:192,2
DA:198,2
DA:204,2
DA:206,2
DA:211,5
LF:40
LH:40
BRDA:39,0,0,2
BRDA:39,0,1,4
BRDA:42,1,0,1
BRDA:42,1,1,1
BRDA:66,2,0,1
BRDA:66,2,1,10
BRDA:141,3,0,1
BRDA:141,3,1,1
BRDA:164,4,0,1
BRDA:164,4,1,3
BRDA:189,5,0,1
BRDA:189,5,1,2
BRDA:206,6,0,1
BRDA:206,6,1,1
BRF:14
BRH:14
end_of_record
TN:
SF:routes/_testCommon.js
FN:8,commonBeforeAll
FN:65,commonBeforeEach
FN:69,commonAfterEach
FN:73,commonAfterAll
FNF:4
FNH:4
FNDA:3,commonBeforeAll
FNDA:26,commonBeforeEach
FNDA:44,commonAfterEach
FNDA:3,commonAfterAll
DA:3,3
DA:4,3
DA:5,3
DA:6,3
DA:10,3
DA:12,3
DA:14,3
DA:22,2
DA:30,2
DA:39,2
DA:47,2
DA:55,2
DA:66,26
DA:70,44
DA:74,3
DA:78,3
DA:81,3
LF:17
LH:17
BRF:0
BRH:0
end_of_record
TN:
SF:routes/auth.js
FN:21,(anonymous_0)
FN:28,(anonymous_1)
FN:47,(anonymous_2)
FN:54,(anonymous_3)
FNF:4
FNH:4
FNDA:5,(anonymous_0)
FNDA:2,(anonymous_1)
FNDA:3,(anonymous_2)
FNDA:5,(anonymous_3)
DA:5,4
DA:7,4
DA:8,4
DA:9,4
DA:10,4
DA:11,4
DA:12,4
DA:13,4
DA:21,4
DA:22,5
DA:27,5
DA:28,2
DA:29,2
DA:32,3
DA:33,3
DA:34,0
DA:35,0
DA:47,4
DA:48,3
DA:53,3
DA:54,5
DA:55,2
DA:58,1
DA:59,1
DA:60,1
DA:64,4
LF:26
LH:24
BRDA:27,0,0,2
BRDA:27,0,1,3
BRDA:53,1,0,2
BRDA:53,1,1,1
BRF:4
BRH:4
end_of_record
TN:
SF:routes/companies.js
FN:28,(anonymous_0)
FN:33,(anonymous_1)
FN:52,(anonymous_2)
FN:72,(anonymous_3)
FN:88,(anonymous_4)
FN:93,(anonymous_5)
FN:106,(anonymous_6)
FNF:7
FNH:7
FNDA:3,(anonymous_0)
FNDA:3,(anonymous_1)
FNDA:3,(anonymous_2)
FNDA:3,(anonymous_3)
FNDA:4,(anonymous_4)
FNDA:2,(anonymous_5)
FNDA:2,(anonymous_6)
DA:5,4
DA:6,4
DA:8,4
DA:9,4
DA:10,4
DA:11,4
DA:13,4
DA:14,4
DA:17,4
DA:28,4
DA:29,3
DA:32,3
DA:33,3
DA:34,2
DA:37,1
DA:38,1
DA:52,4
DA:54,3
DA:55,3
DA:56,1
DA:58,2
DA:61,3
DA:72,4
DA:73,3
DA:74,2
DA:88,4
DA:89,4
DA:92,4
DA:93,2
DA:94,2
DA:97,2
DA:98,1
DA:106,4
DA:107,2
DA:108,1
DA:111,4
LF:36
LH:36
BRDA:32,0,0,2
BRDA:32,0,1,1
BRDA:55,1,0,1
BRDA:55,1,1,2
BRDA:55,2,0,3
BRDA:55,2,1,3
BRDA:92,3,0,2
BRDA:92,3,1,2
BRF:8
BRH:8
end_of_record
TN:
SF:routes/users.js
FN:30,(anonymous_0)
FN:37,(anonymous_1)
FN:54,(anonymous_2)
FN:67,(anonymous_3)
FN:83,(anonymous_4)
FN:90,(anonymous_5)
FN:104,(anonymous_6)
FNF:7
FNH:0
FNDA:0,(anonymous_0)
FNDA:0,(anonymous_1)
FNDA:0,(anonymous_2)
FNDA:0,(anonymous_3)
FNDA:0,(anonymous_4)
FNDA:0,(anonymous_5)
FNDA:0,(anonymous_6)
DA:5,4
DA:7,4
DA:8,4
DA:9,4
DA:10,4
DA:11,4
DA:12,4
DA:13,4
DA:15,4
DA:30,4
DA:31,0
DA:36,0
DA:37,0
DA:38,0
DA:41,0
DA:42,0
DA:43,0
DA:54,4
DA:55,0
DA:56,0
DA:67,4
DA:68,0
DA:69,0
DA:83,4
DA:84,0
DA:89,0
DA:90,0
DA:91,0
DA:94,0
DA:95,0
DA:104,4
DA:105,0
DA:106,0
DA:110,4
LF:34
LH:15
BRDA:36,0,0,0
BRDA:36,0,1,0
BRDA:89,1,0,0
BRDA:89,1,1,0
BRF:4
BRH:0
end_of_record
