TN:
SF:app.js
FN:30,(anonymous_0)
FN:35,(anonymous_1)
FNF:2
FNH:2
FNDA:2,(anonymous_0)
FNDA:39,(anonymous_1)
DA:5,4
DA:6,4
DA:8,4
DA:10,4
DA:11,4
DA:12,4
DA:13,4
DA:15,4
DA:17,4
DA:19,4
DA:20,4
DA:21,4
DA:22,4
DA:24,4
DA:25,4
DA:26,4
DA:30,4
DA:31,2
DA:35,4
DA:36,39
DA:37,39
DA:38,39
DA:40,39
DA:45,4
LF:24
LH:24
BRDA:36,0,0,1
BRDA:36,0,1,38
BRDA:37,1,0,39
BRDA:37,1,1,0
BRF:4
BRH:3
end_of_record
TN:
SF:config.js
FN:13,getDatabaseUri
FNF:1
FNH:1
FNDA:19,getDatabaseUri
DA:5,9
DA:6,9
DA:8,9
DA:10,9
DA:14,19
DA:22,9
DA:24,9
DA:25,9
DA:26,9
DA:27,9
DA:28,9
DA:29,9
DA:31,9
LF:13
LH:13
BRDA:8,0,0,9
BRDA:8,0,1,0
BRDA:10,1,0,9
BRDA:10,1,1,0
BRDA:14,2,0,16
BRDA:14,2,1,3
BRDA:15,3,0,16
BRDA:15,3,1,0
BRDA:16,4,0,3
BRDA:16,4,1,1
BRDA:22,5,0,8
BRDA:22,5,1,1
BRF:12
BRH:9
end_of_record
TN:
SF:db.js
FNF:0
FNH:0
DA:5,7
DA:6,7
DA:8,7
DA:12,7
DA:14,7
LF:5
LH:5
BRF:0
BRH:0
end_of_record
TN:
SF:expressError.js
FN:10,(anonymous_0)
FN:20,(anonymous_1)
FN:28,(anonymous_2)
FN:36,(anonymous_3)
FN:44,(anonymous_4)
FNF:5
FNH:4
FNDA:54,(anonymous_0)
FNDA:14,(anonymous_1)
FNDA:22,(anonymous_2)
FNDA:18,(anonymous_3)
FNDA:0,(anonymous_4)
DA:11,54
DA:12,54
DA:13,54
DA:21,14
DA:29,22
DA:37,18
DA:45,0
DA:49,8
LF:8
LH:7
BRDA:20,0,0,2
BRDA:28,1,0,5
BRDA:36,2,0,0
BRDA:44,3,0,0
BRF:4
BRH:2
end_of_record
TN:
SF:helpers/sql.js
FN:21,sqlForPartialUpdate
FN:27,(anonymous_1)
FNF:2
FNH:2
FNDA:17,sqlForPartialUpdate
FNDA:27,(anonymous_1)
DA:3,8
DA:22,17
DA:23,17
DA:26,14
DA:27,27
DA:31,14
DA:39,8
LF:7
LH:7
BRDA:23,0,0,3
BRDA:23,0,1,14
BRDA:27,1,0,27
BRDA:27,1,1,13
BRF:4
BRH:4
end_of_record
TN:
SF:helpers/tokens.js
FN:8,createToken
FNF:1
FNH:1
FNDA:16,createToken
DA:3,5
DA:4,5
DA:9,16
DA:12,16
DA:17,16
DA:20,5
LF:6
LH:6
BRDA:14,0,0,16
BRDA:14,0,1,11
BRF:2
BRH:2
end_of_record
TN:
SF:middleware/auth.js
FN:18,authenticateJWT
FN:37,ensureLoggedIn
FN:47,checkAdmin
FN:60,checkAdminOrCorrectUser
FNF:4
FNH:4
FNDA:63,authenticateJWT
FNDA:21,ensureLoggedIn
FNDA:24,checkAdmin
FNDA:15,checkAdminOrCorrectUser
DA:5,5
DA:6,5
DA:7,5
DA:8,5
DA:19,63
DA:20,63
DA:21,37
DA:23,37
DA:24,37
DA:29,63
DA:38,21
DA:39,5
DA:48,24
DA:49,24
DA:50,10
DA:53,14
DA:61,15
DA:63,15
DA:64,12
DA:67,3
DA:70,5
LF:21
LH:21
BRDA:20,0,0,37
BRDA:20,0,1,26
BRDA:38,1,0,16
BRDA:38,1,1,5
BRDA:49,2,0,10
BRDA:49,2,1,14
BRDA:49,3,0,24
BRDA:49,3,1,20
BRDA:63,4,0,12
BRDA:63,4,1,3
BRDA:63,5,0,15
BRDA:63,5,1,8
BRDA:63,5,2,7
BRDA:63,5,3,4
BRF:14
BRH:14
end_of_record
TN:
SF:models/_testCommon.js
FN:8,commonBeforeAll
FN:34,commonBeforeEach
FN:38,commonAfterEach
FN:42,commonAfterAll
FNF:4
FNH:4
FNDA:2,commonBeforeAll
FNDA:29,commonBeforeEach
FNDA:29,commonAfterEach
FNDA:2,commonAfterAll
DA:3,2
DA:5,2
DA:6,2
DA:10,2
DA:12,2
DA:14,2
DA:20,2
DA:35,29
DA:39,29
DA:43,2
DA:47,2
LF:11
LH:11
BRF:0
BRH:0
end_of_record
TN:
SF:models/company.js
FN:20,(anonymous_0)
FN:58,(anonymous_1)
FN:89,(anonymous_2)
FN:124,(anonymous_3)
FN:156,(anonymous_4)
FN:186,(anonymous_5)
FNF:6
FNH:6
FNDA:13,(anonymous_0)
FNDA:5,(anonymous_1)
FNDA:6,(anonymous_2)
FNDA:5,(anonymous_3)
FNDA:6,(anonymous_4)
FNDA:4,(anonymous_5)
DA:3,5
DA:4,5
DA:5,5
DA:6,5
DA:21,13
DA:29,13
DA:30,1
DA:32,12
DA:48,12
DA:50,12
DA:60,5
DA:63,5
DA:66,5
DA:67,5
DA:80,5
DA:93,6
DA:94,1
DA:97,5
DA:98,5
DA:100,5
DA:101,7
DA:102,7
DA:103,3
DA:104,4
DA:105,3
DA:106,1
DA:107,1
DA:111,5
DA:113,5
DA:125,5
DA:137,5
DA:139,5
DA:141,3
DA:157,6
DA:161,5
DA:163,5
DA:173,5
DA:174,5
DA:176,5
DA:178,3
DA:187,4
DA:195,4
DA:197,4
DA:201,5
LF:44
LH:44
BRDA:29,0,0,1
BRDA:29,0,1,12
BRDA:60,1,0,1
BRDA:60,1,1,4
BRDA:63,2,0,2
BRDA:63,2,1,3
BRDA:93,3,0,1
BRDA:93,3,1,5
BRDA:102,4,0,3
BRDA:102,4,1,4
BRDA:104,5,0,3
BRDA:104,5,1,1
BRDA:106,6,0,1
BRDA:106,6,1,0
BRDA:139,7,0,2
BRDA:139,7,1,3
BRDA:176,8,0,2
BRDA:176,8,1,3
BRDA:197,9,0,2
BRDA:197,9,1,2
BRF:20
BRH:19
end_of_record
TN:
SF:models/user.js
FN:24,(anonymous_0)
FN:58,(anonymous_1)
FN:106,(anonymous_2)
FN:128,(anonymous_3)
FN:163,(anonymous_4)
FN:197,(anonymous_5)
FNF:6
FNH:6
FNDA:8,(anonymous_0)
FNDA:19,(anonymous_1)
FNDA:2,(anonymous_2)
FNDA:5,(anonymous_3)
FNDA:9,(anonymous_4)
FNDA:5,(anonymous_5)
DA:3,6
DA:4,6
DA:5,6
DA:10,6
DA:12,6
DA:26,8
DA:37,8
DA:39,8
DA:41,5
DA:42,5
DA:43,4
DA:44,4
DA:48,4
DA:60,19
DA:66,19
DA:67,1
DA:70,18
DA:72,18
DA:96,18
DA:98,18
DA:107,2
DA:117,2
DA:129,5
DA:139,5
DA:141,5
DA:143,3
DA:164,9
DA:165,3
DA:168,9
DA:175,8
DA:177,8
DA:186,8
DA:187,8
DA:189,8
DA:191,6
DA:192,6
DA:198,5
DA:204,5
DA:206,5
DA:211,6
LF:40
LH:40
BRDA:39,0,0,5
BRDA:39,0,1,3
BRDA:42,1,0,4
BRDA:42,1,1,1
BRDA:66,2,0,1
BRDA:66,2,1,18
BRDA:141,3,0,2
BRDA:141,3,1,3
BRDA:164,4,0,3
BRDA:164,4,1,6
BRDA:189,5,0,2
BRDA:189,5,1,6
BRDA:206,6,0,2
BRDA:206,6,1,3
BRF:14
BRH:14
end_of_record
TN:
SF:routes/_testCommon.js
FN:8,commonBeforeAll
FN:73,commonBeforeEach
FN:77,commonAfterEach
FN:81,commonAfterAll
FNF:4
FNH:4
FNDA:3,commonBeforeAll
FNDA:58,commonBeforeEach
FNDA:58,commonAfterEach
FNDA:3,commonAfterAll
DA:3,3
DA:4,3
DA:5,3
DA:6,3
DA:10,3
DA:12,3
DA:14,3
DA:22,3
DA:30,3
DA:39,3
DA:47,3
DA:55,3
DA:63,3
DA:74,58
DA:78,58
DA:82,3
DA:86,3
DA:87,3
DA:88,3
DA:92,3
LF:20
LH:20
BRF:0
BRH:0
end_of_record
TN:
SF:routes/auth.js
FN:21,(anonymous_0)
FN:28,(anonymous_1)
FN:47,(anonymous_2)
FN:54,(anonymous_3)
FNF:4
FNH:4
FNDA:5,(anonymous_0)
FNDA:2,(anonymous_1)
FNDA:3,(anonymous_2)
FNDA:5,(anonymous_3)
DA:5,4
DA:7,4
DA:8,4
DA:9,4
DA:10,4
DA:11,4
DA:12,4
DA:13,4
DA:21,4
DA:22,5
DA:27,5
DA:28,2
DA:29,2
DA:32,3
DA:33,3
DA:34,1
DA:35,1
DA:47,4
DA:48,3
DA:53,3
DA:54,5
DA:55,2
DA:58,1
DA:59,1
DA:60,1
DA:64,4
LF:26
LH:26
BRDA:27,0,0,2
BRDA:27,0,1,3
BRDA:53,1,0,2
BRDA:53,1,1,1
BRF:4
BRH:4
end_of_record
TN:
SF:routes/companies.js
FN:27,(anonymous_0)
FN:32,(anonymous_1)
FN:51,(anonymous_2)
FN:68,(anonymous_3)
FN:95,(anonymous_4)
FN:111,(anonymous_5)
FN:116,(anonymous_6)
FN:129,(anonymous_7)
FNF:8
FNH:8
FNDA:3,(anonymous_0)
FNDA:3,(anonymous_1)
FNDA:5,(anonymous_2)
FNDA:1,(anonymous_3)
FNDA:3,(anonymous_4)
FNDA:4,(anonymous_5)
FNDA:2,(anonymous_6)
FNDA:2,(anonymous_7)
DA:5,4
DA:6,4
DA:8,4
DA:9,4
DA:10,4
DA:12,4
DA:13,4
DA:14,4
DA:16,4
DA:27,4
DA:28,3
DA:31,3
DA:32,3
DA:33,2
DA:36,1
DA:37,1
DA:51,4
DA:55,5
DA:56,5
DA:57,6
DA:58,1
DA:60,5
DA:64,5
DA:67,5
DA:68,1
DA:69,1
DA:72,4
DA:77,1
DA:81,3
DA:82,3
DA:84,3
DA:95,4
DA:96,3
DA:97,2
DA:111,4
DA:112,4
DA:115,4
DA:116,2
DA:117,2
DA:120,2
DA:121,1
DA:129,4
DA:130,2
DA:131,1
DA:134,4
LF:45
LH:45
BRDA:31,0,0,2
BRDA:31,0,1,1
BRDA:57,1,0,1
BRDA:57,1,1,5
BRDA:67,2,0,1
BRDA:67,2,1,4
BRDA:72,3,0,1
BRDA:72,3,1,3
BRDA:73,4,0,4
BRDA:73,4,1,2
BRDA:73,4,2,2
BRDA:115,5,0,2
BRDA:115,5,1,2
BRF:13
BRH:13
end_of_record
TN:
SF:routes/users.js
FN:33,(anonymous_0)
FN:38,(anonymous_1)
FN:54,(anonymous_2)
FN:70,(anonymous_3)
FN:90,(anonymous_4)
FN:95,(anonymous_5)
FN:112,(anonymous_6)
FNF:7
FNH:7
FNDA:4,(anonymous_0)
FNDA:5,(anonymous_1)
FNDA:1,(anonymous_2)
FNDA:3,(anonymous_3)
FNDA:6,(anonymous_4)
FNDA:1,(anonymous_5)
FNDA:3,(anonymous_6)
DA:5,4
DA:7,4
DA:12,4
DA:13,4
DA:14,4
DA:15,4
DA:16,4
DA:17,4
DA:19,4
DA:33,4
DA:34,4
DA:37,4
DA:38,5
DA:39,2
DA:42,2
DA:43,2
DA:44,2
DA:54,4
DA:55,1
DA:56,1
DA:66,4
DA:71,3
DA:72,2
DA:86,4
DA:91,6
DA:94,6
DA:95,1
DA:96,1
DA:99,5
DA:100,4
DA:108,4
DA:113,3
DA:114,2
DA:117,4
LF:34
LH:34
BRDA:37,0,0,2
BRDA:37,0,1,2
BRDA:94,1,0,1
BRDA:94,1,1,5
BRF:4
BRH:4
end_of_record
